<?xml version="1.0" encoding="UTF-8"?>
<testng-results ignored="0" total="1" passed="1" failed="0" skipped="0">
  <reporter-output>
  </reporter-output>
  <suite started-at="2020-05-19T12:54:12 CDT" name="Default suite" finished-at="2020-05-19T12:54:12 CDT" duration-ms="94">
    <groups>
    </groups>
    <test started-at="2020-05-19T12:54:12 CDT" name="Default test" finished-at="2020-05-19T12:54:12 CDT" duration-ms="94">
      <class name="Com.test.TestingNg">
        <test-method signature="hello()[pri:0, instance:Com.test.TestingNg@69930714]" started-at="2020-05-19T12:54:12 CDT" name="hello" finished-at="2020-05-19T12:54:12 CDT" duration-ms="16" status="PASS">
          <reporter-output>
          </reporter-output>
        </test-method> <!-- hello -->
      </class> <!-- Com.test.TestingNg -->
    </test> <!-- Default test -->
  </suite> <!-- Default suite -->
</testng-results>
